-------------------------------------------------------------------------------
Test set: net.unir.missi.RunCucumberTest
-------------------------------------------------------------------------------
Tests run: 10, Failures: 0, Errors: 10, Skipped: 0, Time elapsed: 0.415 s <<< FAILURE! - in net.unir.missi.RunCucumberTest
Examples.Example #1  Time elapsed: 0.1 s  <<< ERROR!
io.cucumber.core.runner.DuplicateStepDefinitionException: Duplicate step definitions in net.unir.missi.DivisionStepsDefinition.compruebo_que_el_resultado_es_la_excepción_de_con_mensaje(java.lang.String,java.lang.String) and net.unir.missi.MultiplicacionStepDefinition.compruebo_que_el_resultado_de_la_multiplicacion_es(java.lang.String,java.lang.String)

Examples.Example #2  Time elapsed: 0.007 s  <<< ERROR!
io.cucumber.core.runner.DuplicateStepDefinitionException: Duplicate step definitions in net.unir.missi.DivisionStepsDefinition.compruebo_que_el_resultado_es_la_excepción_de_con_mensaje(java.lang.String,java.lang.String) and net.unir.missi.MultiplicacionStepDefinition.compruebo_que_el_resultado_de_la_multiplicacion_es(java.lang.String,java.lang.String)

Examples.Example #3  Time elapsed: 0.004 s  <<< ERROR!
io.cucumber.core.runner.DuplicateStepDefinitionException: Duplicate step definitions in net.unir.missi.DivisionStepsDefinition.compruebo_que_el_resultado_es_la_excepción_de_con_mensaje(java.lang.String,java.lang.String) and net.unir.missi.MultiplicacionStepDefinition.compruebo_que_el_resultado_de_la_multiplicacion_es(java.lang.String,java.lang.String)

Examples.Example #1  Time elapsed: 0.006 s  <<< ERROR!
io.cucumber.core.runner.DuplicateStepDefinitionException: Duplicate step definitions in net.unir.missi.DivisionStepsDefinition.compruebo_que_el_resultado_es_la_excepción_de_con_mensaje(java.lang.String,java.lang.String) and net.unir.missi.MultiplicacionStepDefinition.compruebo_que_el_resultado_de_la_multiplicacion_es(java.lang.String,java.lang.String)

Examples.Example #1  Time elapsed: 0.007 s  <<< ERROR!
io.cucumber.core.runner.DuplicateStepDefinitionException: Duplicate step definitions in net.unir.missi.DivisionStepsDefinition.compruebo_que_el_resultado_es_la_excepción_de_con_mensaje(java.lang.String,java.lang.String) and net.unir.missi.MultiplicacionStepDefinition.compruebo_que_el_resultado_de_la_multiplicacion_es(java.lang.String,java.lang.String)

Examples.Example #2  Time elapsed: 0.012 s  <<< ERROR!
io.cucumber.core.runner.DuplicateStepDefinitionException: Duplicate step definitions in net.unir.missi.DivisionStepsDefinition.compruebo_que_el_resultado_es_la_excepción_de_con_mensaje(java.lang.String,java.lang.String) and net.unir.missi.MultiplicacionStepDefinition.compruebo_que_el_resultado_de_la_multiplicacion_es(java.lang.String,java.lang.String)

Examples.Example #3  Time elapsed: 0.025 s  <<< ERROR!
io.cucumber.core.runner.DuplicateStepDefinitionException: Duplicate step definitions in net.unir.missi.DivisionStepsDefinition.compruebo_que_el_resultado_es_la_excepción_de_con_mensaje(java.lang.String,java.lang.String) and net.unir.missi.MultiplicacionStepDefinition.compruebo_que_el_resultado_de_la_multiplicacion_es(java.lang.String,java.lang.String)

Examples.Example #1  Time elapsed: 0.006 s  <<< ERROR!
io.cucumber.core.runner.DuplicateStepDefinitionException: Duplicate step definitions in net.unir.missi.DivisionStepsDefinition.compruebo_que_el_resultado_es_la_excepción_de_con_mensaje(java.lang.String,java.lang.String) and net.unir.missi.MultiplicacionStepDefinition.compruebo_que_el_resultado_de_la_multiplicacion_es(java.lang.String,java.lang.String)

Examples.Example #2  Time elapsed: 0.005 s  <<< ERROR!
io.cucumber.core.runner.DuplicateStepDefinitionException: Duplicate step definitions in net.unir.missi.DivisionStepsDefinition.compruebo_que_el_resultado_es_la_excepción_de_con_mensaje(java.lang.String,java.lang.String) and net.unir.missi.MultiplicacionStepDefinition.compruebo_que_el_resultado_de_la_multiplicacion_es(java.lang.String,java.lang.String)

Examples.Example #3  Time elapsed: 0.005 s  <<< ERROR!
io.cucumber.core.runner.DuplicateStepDefinitionException: Duplicate step definitions in net.unir.missi.DivisionStepsDefinition.compruebo_que_el_resultado_es_la_excepción_de_con_mensaje(java.lang.String,java.lang.String) and net.unir.missi.MultiplicacionStepDefinition.compruebo_que_el_resultado_de_la_multiplicacion_es(java.lang.String,java.lang.String)

