<?xml version="1.0" encoding="UTF-8"?>
<testsuite xmlns:xsi="http://www.w3.org/2001/XMLSchema-instance" xsi:noNamespaceSchemaLocation="https://maven.apache.org/surefire/maven-surefire-plugin/xsd/surefire-test-report-3.0.xsd" version="3.0" name="net.unir.missi.RunCucumberTest" time="0.415" tests="10" errors="10" skipped="0" failures="0">
  <properties>
[...]
</properties>
  <testcase name="Example #1" classname="Examples" time="0.1">
    <error type="io.cucumber.core.runner.DuplicateStepDefinitionException"><![CDATA[io.cucumber.core.runner.DuplicateStepDefinitionException: Duplicate step definitions in net.unir.missi.DivisionStepsDefinition.compruebo_que_el_resultado_es_la_excepción_de_con_mensaje(java.lang.String,java.lang.String) and net.unir.missi.MultiplicacionStepDefinition.compruebo_que_el_resultado_de_la_multiplicacion_es(java.lang.String,java.lang.String)
]]></error>
  </testcase>
  <testcase name="Example #1" classname="Examples" time="0.006">
    <error type="io.cucumber.core.runner.DuplicateStepDefinitionException"><![CDATA[io.cucumber.core.runner.DuplicateStepDefinitionException: Duplicate step definitions in net.unir.missi.DivisionStepsDefinition.compruebo_que_el_resultado_es_la_excepción_de_con_mensaje(java.lang.String,java.lang.String) and net.unir.missi.MultiplicacionStepDefinition.compruebo_que_el_resultado_de_la_multiplicacion_es(java.lang.String,java.lang.String)
]]></error>
  </testcase>
  <testcase name="Example #1" classname="Examples" time="0.007">
    <error type="io.cucumber.core.runner.DuplicateStepDefinitionException"><![CDATA[io.cucumber.core.runner.DuplicateStepDefinitionException: Duplicate step definitions in net.unir.missi.DivisionStepsDefinition.compruebo_que_el_resultado_es_la_excepción_de_con_mensaje(java.lang.String,java.lang.String) and net.unir.missi.MultiplicacionStepDefinition.compruebo_que_el_resultado_de_la_multiplicacion_es(java.lang.String,java.lang.String)
]]></error>
  </testcase>
  <testcase name="Example #1" classname="Examples" time="0.006">
    <error type="io.cucumber.core.runner.DuplicateStepDefinitionException"><![CDATA[io.cucumber.core.runner.DuplicateStepDefinitionException: Duplicate step definitions in net.unir.missi.DivisionStepsDefinition.compruebo_que_el_resultado_es_la_excepción_de_con_mensaje(java.lang.String,java.lang.String) and net.unir.missi.MultiplicacionStepDefinition.compruebo_que_el_resultado_de_la_multiplicacion_es(java.lang.String,java.lang.String)
]]></error>
  </testcase>
  <testcase name="Example #2" classname="Examples" time="0.007">
    <error type="io.cucumber.core.runner.DuplicateStepDefinitionException"><![CDATA[io.cucumber.core.runner.DuplicateStepDefinitionException: Duplicate step definitions in net.unir.missi.DivisionStepsDefinition.compruebo_que_el_resultado_es_la_excepción_de_con_mensaje(java.lang.String,java.lang.String) and net.unir.missi.MultiplicacionStepDefinition.compruebo_que_el_resultado_de_la_multiplicacion_es(java.lang.String,java.lang.String)
]]></error>
  </testcase>
  <testcase name="Example #2" classname="Examples" time="0.012">
    <error type="io.cucumber.core.runner.DuplicateStepDefinitionException"><![CDATA[io.cucumber.core.runner.DuplicateStepDefinitionException: Duplicate step definitions in net.unir.missi.DivisionStepsDefinition.compruebo_que_el_resultado_es_la_excepción_de_con_mensaje(java.lang.String,java.lang.String) and net.unir.missi.MultiplicacionStepDefinition.compruebo_que_el_resultado_de_la_multiplicacion_es(java.lang.String,java.lang.String)
]]></error>
  </testcase>
  <testcase name="Example #2" classname="Examples" time="0.005">
    <error type="io.cucumber.core.runner.DuplicateStepDefinitionException"><![CDATA[io.cucumber.core.runner.DuplicateStepDefinitionException: Duplicate step definitions in net.unir.missi.DivisionStepsDefinition.compruebo_que_el_resultado_es_la_excepción_de_con_mensaje(java.lang.String,java.lang.String) and net.unir.missi.MultiplicacionStepDefinition.compruebo_que_el_resultado_de_la_multiplicacion_es(java.lang.String,java.lang.String)
]]></error>
  </testcase>
  <testcase name="Example #3" classname="Examples" time="0.004">
    <error type="io.cucumber.core.runner.DuplicateStepDefinitionException"><![CDATA[io.cucumber.core.runner.DuplicateStepDefinitionException: Duplicate step definitions in net.unir.missi.DivisionStepsDefinition.compruebo_que_el_resultado_es_la_excepción_de_con_mensaje(java.lang.String,java.lang.String) and net.unir.missi.MultiplicacionStepDefinition.compruebo_que_el_resultado_de_la_multiplicacion_es(java.lang.String,java.lang.String)
]]></error>
  </testcase>
  <testcase name="Example #3" classname="Examples" time="0.025">
    <error type="io.cucumber.core.runner.DuplicateStepDefinitionException"><![CDATA[io.cucumber.core.runner.DuplicateStepDefinitionException: Duplicate step definitions in net.unir.missi.DivisionStepsDefinition.compruebo_que_el_resultado_es_la_excepción_de_con_mensaje(java.lang.String,java.lang.String) and net.unir.missi.MultiplicacionStepDefinition.compruebo_que_el_resultado_de_la_multiplicacion_es(java.lang.String,java.lang.String)
]]></error>
  </testcase>
  <testcase name="Example #3" classname="Examples" time="0.005">
    <error type="io.cucumber.core.runner.DuplicateStepDefinitionException"><![CDATA[io.cucumber.core.runner.DuplicateStepDefinitionException: Duplicate step definitions in net.unir.missi.DivisionStepsDefinition.compruebo_que_el_resultado_es_la_excepción_de_con_mensaje(java.lang.String,java.lang.String) and net.unir.missi.MultiplicacionStepDefinition.compruebo_que_el_resultado_de_la_multiplicacion_es(java.lang.String,java.lang.String)
]]></error>
  </testcase>
</testsuite>